Arguments: 
  /Users/renatoalvessouza/.nvm/versions/node/v12.14.1/bin/node /usr/local/Cellar/yarn/1.21.1/libexec/bin/yarn.js install

PATH: 
  /Users/renatoalvessouza/.npm/_npx/24383/bin:/Users/renatoalvessouza/node_modules/.bin:/Users/renatoalvessouza/.nvm/versions/node/v12.14.1/bin:/Users/renatoalvessouza/.zplugin/polaris/bin:/usr/local/bin:/usr/bin:/bin:/usr/sbin:/sbin:/Library/Apple/usr/bin:/Users/renatoalvessouza/Library/Android/sdk/emulator:/Users/renatoalvessouza/Library/Android/sdk/tools:/Users/renatoalvessouza/Library/Android/sdk/tools/bin:/Users/renatoalvessouza/Library/Android/sdk/platform-tools

Yarn version: 
  1.21.1

Node version: 
  12.14.1

Platform: 
  darwin x64

Trace: 
  Error: ENOENT: no such file or directory, lstat '/Users/renatoalvessouza/Desktop/Packages/softcenter/react-basic-components/node_modules/react-scripts/node_modules/@babel/plugin-syntax-object-rest-spread'

npm manifest: 
  {
    "name": "react-basic-components-example",
    "homepage": "https://softcenter.github.io/react-basic-components",
    "version": "0.0.0",
    "private": true,
    "dependencies": {
      "react": "link:../node_modules/react",
      "react-dom": "link:../node_modules/react-dom",
      "react-scripts": "link:../node_modules/react-scripts",
      "react-basic-components": "link:.."
    },
    "scripts": {
      "start": "node ../node_modules/react-scripts/bin/react-scripts.js start",
      "build": "node ../node_modules/react-scripts/bin/react-scripts.js build",
      "test": "node ../node_modules/react-scripts/bin/react-scripts.js test",
      "eject": "node ../node_modules/react-scripts/bin/react-scripts.js eject"
    },
    "eslintConfig": {
      "extends": "react-app"
    },
    "browserslist": [
      ">0.2%",
      "not dead",
      "not ie <= 11",
      "not op_mini all"
    ]
  }

yarn manifest: 
  No manifest

Lockfile: 
  No lockfile
